Analysis & Synthesis report for mips
Wed Feb 26 04:48:19 2020
Quartus II 64-Bit Version 13.1.0 Build 162 10/23/2013 SJ Web Edition


---------------------
; Table of Contents ;
---------------------
  1. Legal Notice
  2. Analysis & Synthesis Summary
  3. Analysis & Synthesis Settings
  4. Parallel Compilation
  5. Analysis & Synthesis Source Files Read
  6. Analysis & Synthesis Resource Usage Summary
  7. Analysis & Synthesis Resource Utilization by Entity
  8. General Register Statistics
  9. Port Connectivity Checks: "alu_32:alu|msb_alu_1:a31"
 10. Port Connectivity Checks: "alu_32:alu|alu_1:a30"
 11. Port Connectivity Checks: "alu_32:alu|alu_1:a29"
 12. Port Connectivity Checks: "alu_32:alu|alu_1:a28"
 13. Port Connectivity Checks: "alu_32:alu|alu_1:a27"
 14. Port Connectivity Checks: "alu_32:alu|alu_1:a26"
 15. Port Connectivity Checks: "alu_32:alu|alu_1:a25"
 16. Port Connectivity Checks: "alu_32:alu|alu_1:a24"
 17. Port Connectivity Checks: "alu_32:alu|alu_1:a23"
 18. Port Connectivity Checks: "alu_32:alu|alu_1:a22"
 19. Port Connectivity Checks: "alu_32:alu|alu_1:a21"
 20. Port Connectivity Checks: "alu_32:alu|alu_1:a20"
 21. Port Connectivity Checks: "alu_32:alu|alu_1:a19"
 22. Port Connectivity Checks: "alu_32:alu|alu_1:a18"
 23. Port Connectivity Checks: "alu_32:alu|alu_1:a17"
 24. Port Connectivity Checks: "alu_32:alu|alu_1:a16"
 25. Port Connectivity Checks: "alu_32:alu|alu_1:a15"
 26. Port Connectivity Checks: "alu_32:alu|alu_1:a14"
 27. Port Connectivity Checks: "alu_32:alu|alu_1:a13"
 28. Port Connectivity Checks: "alu_32:alu|alu_1:a12"
 29. Port Connectivity Checks: "alu_32:alu|alu_1:a11"
 30. Port Connectivity Checks: "alu_32:alu|alu_1:a10"
 31. Port Connectivity Checks: "alu_32:alu|alu_1:a9"
 32. Port Connectivity Checks: "alu_32:alu|alu_1:a8"
 33. Port Connectivity Checks: "alu_32:alu|alu_1:a7"
 34. Port Connectivity Checks: "alu_32:alu|alu_1:a6"
 35. Port Connectivity Checks: "alu_32:alu|alu_1:a5"
 36. Port Connectivity Checks: "alu_32:alu|alu_1:a4"
 37. Port Connectivity Checks: "alu_32:alu|alu_1:a3"
 38. Port Connectivity Checks: "alu_32:alu|alu_1:a2"
 39. Port Connectivity Checks: "alu_32:alu|alu_1:a1"
 40. Port Connectivity Checks: "alu_32:alu"
 41. Elapsed Time Per Partition
 42. Analysis & Synthesis Messages



----------------
; Legal Notice ;
----------------
Copyright (C) 1991-2013 Altera Corporation
Your use of Altera Corporation's design tools, logic functions 
and other software and tools, and its AMPP partner logic 
functions, and any output files from any of the foregoing 
(including device programming or simulation files), and any 
associated documentation or information are expressly subject 
to the terms and conditions of the Altera Program License 
Subscription Agreement, Altera MegaCore Function License 
Agreement, or other applicable license agreement, including, 
without limitation, that your use is for the sole purpose of 
programming logic devices manufactured by Altera and sold by 
Altera or its authorized distributors.  Please refer to the 
applicable agreement for further details.



+---------------------------------------------------------------------------------+
; Analysis & Synthesis Summary                                                    ;
+------------------------------------+--------------------------------------------+
; Analysis & Synthesis Status        ; Successful - Wed Feb 26 04:48:19 2020      ;
; Quartus II 64-Bit Version          ; 13.1.0 Build 162 10/23/2013 SJ Web Edition ;
; Revision Name                      ; mips                                       ;
; Top-level Entity Name              ; mips32                                     ;
; Family                             ; Cyclone III                                ;
; Total logic elements               ; 0                                          ;
;     Total combinational functions  ; 0                                          ;
;     Dedicated logic registers      ; 0                                          ;
; Total registers                    ; 0                                          ;
; Total pins                         ; 1                                          ;
; Total virtual pins                 ; 0                                          ;
; Total memory bits                  ; 0                                          ;
; Embedded Multiplier 9-bit elements ; 0                                          ;
; Total PLLs                         ; 0                                          ;
+------------------------------------+--------------------------------------------+


+----------------------------------------------------------------------------------------------------------------------+
; Analysis & Synthesis Settings                                                                                        ;
+----------------------------------------------------------------------------+--------------------+--------------------+
; Option                                                                     ; Setting            ; Default Value      ;
+----------------------------------------------------------------------------+--------------------+--------------------+
; Top-level entity name                                                      ; mips32             ; mips               ;
; Family name                                                                ; Cyclone III        ; Cyclone IV GX      ;
; Use smart compilation                                                      ; Off                ; Off                ;
; Enable parallel Assembler and TimeQuest Timing Analyzer during compilation ; On                 ; On                 ;
; Enable compact report table                                                ; Off                ; Off                ;
; Restructure Multiplexers                                                   ; Auto               ; Auto               ;
; Create Debugging Nodes for IP Cores                                        ; Off                ; Off                ;
; Preserve fewer node names                                                  ; On                 ; On                 ;
; Disable OpenCore Plus hardware evaluation                                  ; Off                ; Off                ;
; Verilog Version                                                            ; Verilog_2001       ; Verilog_2001       ;
; VHDL Version                                                               ; VHDL_1993          ; VHDL_1993          ;
; State Machine Processing                                                   ; Auto               ; Auto               ;
; Safe State Machine                                                         ; Off                ; Off                ;
; Extract Verilog State Machines                                             ; On                 ; On                 ;
; Extract VHDL State Machines                                                ; On                 ; On                 ;
; Ignore Verilog initial constructs                                          ; Off                ; Off                ;
; Iteration limit for constant Verilog loops                                 ; 5000               ; 5000               ;
; Iteration limit for non-constant Verilog loops                             ; 250                ; 250                ;
; Add Pass-Through Logic to Inferred RAMs                                    ; On                 ; On                 ;
; Infer RAMs from Raw Logic                                                  ; On                 ; On                 ;
; Parallel Synthesis                                                         ; On                 ; On                 ;
; DSP Block Balancing                                                        ; Auto               ; Auto               ;
; NOT Gate Push-Back                                                         ; On                 ; On                 ;
; Power-Up Don't Care                                                        ; On                 ; On                 ;
; Remove Redundant Logic Cells                                               ; Off                ; Off                ;
; Remove Duplicate Registers                                                 ; On                 ; On                 ;
; Ignore CARRY Buffers                                                       ; Off                ; Off                ;
; Ignore CASCADE Buffers                                                     ; Off                ; Off                ;
; Ignore GLOBAL Buffers                                                      ; Off                ; Off                ;
; Ignore ROW GLOBAL Buffers                                                  ; Off                ; Off                ;
; Ignore LCELL Buffers                                                       ; Off                ; Off                ;
; Ignore SOFT Buffers                                                        ; On                 ; On                 ;
; Limit AHDL Integers to 32 Bits                                             ; Off                ; Off                ;
; Optimization Technique                                                     ; Balanced           ; Balanced           ;
; Carry Chain Length                                                         ; 70                 ; 70                 ;
; Auto Carry Chains                                                          ; On                 ; On                 ;
; Auto Open-Drain Pins                                                       ; On                 ; On                 ;
; Perform WYSIWYG Primitive Resynthesis                                      ; Off                ; Off                ;
; Auto ROM Replacement                                                       ; On                 ; On                 ;
; Auto RAM Replacement                                                       ; On                 ; On                 ;
; Auto DSP Block Replacement                                                 ; On                 ; On                 ;
; Auto Shift Register Replacement                                            ; Auto               ; Auto               ;
; Allow Shift Register Merging across Hierarchies                            ; Auto               ; Auto               ;
; Auto Clock Enable Replacement                                              ; On                 ; On                 ;
; Strict RAM Replacement                                                     ; Off                ; Off                ;
; Allow Synchronous Control Signals                                          ; On                 ; On                 ;
; Force Use of Synchronous Clear Signals                                     ; Off                ; Off                ;
; Auto RAM Block Balancing                                                   ; On                 ; On                 ;
; Auto RAM to Logic Cell Conversion                                          ; Off                ; Off                ;
; Auto Resource Sharing                                                      ; Off                ; Off                ;
; Allow Any RAM Size For Recognition                                         ; Off                ; Off                ;
; Allow Any ROM Size For Recognition                                         ; Off                ; Off                ;
; Allow Any Shift Register Size For Recognition                              ; Off                ; Off                ;
; Use LogicLock Constraints during Resource Balancing                        ; On                 ; On                 ;
; Ignore translate_off and synthesis_off directives                          ; Off                ; Off                ;
; Timing-Driven Synthesis                                                    ; On                 ; On                 ;
; Report Parameter Settings                                                  ; On                 ; On                 ;
; Report Source Assignments                                                  ; On                 ; On                 ;
; Report Connectivity Checks                                                 ; On                 ; On                 ;
; Ignore Maximum Fan-Out Assignments                                         ; Off                ; Off                ;
; Synchronization Register Chain Length                                      ; 2                  ; 2                  ;
; PowerPlay Power Optimization                                               ; Normal compilation ; Normal compilation ;
; HDL message level                                                          ; Level2             ; Level2             ;
; Suppress Register Optimization Related Messages                            ; Off                ; Off                ;
; Number of Removed Registers Reported in Synthesis Report                   ; 5000               ; 5000               ;
; Number of Swept Nodes Reported in Synthesis Report                         ; 5000               ; 5000               ;
; Number of Inverted Registers Reported in Synthesis Report                  ; 100                ; 100                ;
; Clock MUX Protection                                                       ; On                 ; On                 ;
; Auto Gated Clock Conversion                                                ; Off                ; Off                ;
; Block Design Naming                                                        ; Auto               ; Auto               ;
; SDC constraint protection                                                  ; Off                ; Off                ;
; Synthesis Effort                                                           ; Auto               ; Auto               ;
; Shift Register Replacement - Allow Asynchronous Clear Signal               ; On                 ; On                 ;
; Pre-Mapping Resynthesis Optimization                                       ; Off                ; Off                ;
; Analysis & Synthesis Message Level                                         ; Medium             ; Medium             ;
; Disable Register Merging Across Hierarchies                                ; Auto               ; Auto               ;
; Resource Aware Inference For Block RAM                                     ; On                 ; On                 ;
; Synthesis Seed                                                             ; 1                  ; 1                  ;
+----------------------------------------------------------------------------+--------------------+--------------------+


Parallel compilation was disabled, but you have multiple processors available. Enable parallel compilation to reduce compilation time.
+-------------------------------------+
; Parallel Compilation                ;
+----------------------------+--------+
; Processors                 ; Number ;
+----------------------------+--------+
; Number detected on machine ; 12     ;
; Maximum allowed            ; 1      ;
+----------------------------+--------+


+-----------------------------------------------------------------------------------------------------------------------------------------------------------------------------------------------+
; Analysis & Synthesis Source Files Read                                                                                                                                                        ;
+-----------------------------------+-----------------+------------------------+------------------------------------------------------------------------------------------------------+---------+
; File Name with User-Entered Path  ; Used in Netlist ; File Type              ; File Name with Absolute Path                                                                         ; Library ;
+-----------------------------------+-----------------+------------------------+------------------------------------------------------------------------------------------------------+---------+
; source_files/xor_2.v              ; yes             ; User Verilog HDL File  ; C:/Users/selman.ozleyen2017/Documents/GitHub/MIPS-32-bit-processor/source_files/xor_2.v              ;         ;
; source_files/shifter.v            ; yes             ; User Verilog HDL File  ; C:/Users/selman.ozleyen2017/Documents/GitHub/MIPS-32-bit-processor/source_files/shifter.v            ;         ;
; source_files/mux_8x1.v            ; yes             ; User Verilog HDL File  ; C:/Users/selman.ozleyen2017/Documents/GitHub/MIPS-32-bit-processor/source_files/mux_8x1.v            ;         ;
; source_files/mux_4x1.v            ; yes             ; User Verilog HDL File  ; C:/Users/selman.ozleyen2017/Documents/GitHub/MIPS-32-bit-processor/source_files/mux_4x1.v            ;         ;
; source_files/mux_2x1_32.v         ; yes             ; User Verilog HDL File  ; C:/Users/selman.ozleyen2017/Documents/GitHub/MIPS-32-bit-processor/source_files/mux_2x1_32.v         ;         ;
; source_files/mux_2x1_5bit.v       ; yes             ; User Verilog HDL File  ; C:/Users/selman.ozleyen2017/Documents/GitHub/MIPS-32-bit-processor/source_files/mux_2x1_5bit.v       ;         ;
; source_files/mux_2x1.v            ; yes             ; User Verilog HDL File  ; C:/Users/selman.ozleyen2017/Documents/GitHub/MIPS-32-bit-processor/source_files/mux_2x1.v            ;         ;
; source_files/msb_alu_1.v          ; yes             ; User Verilog HDL File  ; C:/Users/selman.ozleyen2017/Documents/GitHub/MIPS-32-bit-processor/source_files/msb_alu_1.v          ;         ;
; source_files/mips32.v             ; yes             ; User Verilog HDL File  ; C:/Users/selman.ozleyen2017/Documents/GitHub/MIPS-32-bit-processor/source_files/mips32.v             ;         ;
; source_files/mips_registers.v     ; yes             ; User Verilog HDL File  ; C:/Users/selman.ozleyen2017/Documents/GitHub/MIPS-32-bit-processor/source_files/mips_registers.v     ;         ;
; source_files/mips_memory.v        ; yes             ; User Verilog HDL File  ; C:/Users/selman.ozleyen2017/Documents/GitHub/MIPS-32-bit-processor/source_files/mips_memory.v        ;         ;
; source_files/instruction_memory.v ; yes             ; User Verilog HDL File  ; C:/Users/selman.ozleyen2017/Documents/GitHub/MIPS-32-bit-processor/source_files/instruction_memory.v ;         ;
; source_files/extend.v             ; yes             ; User Verilog HDL File  ; C:/Users/selman.ozleyen2017/Documents/GitHub/MIPS-32-bit-processor/source_files/extend.v             ;         ;
; source_files/control_unit.v       ; yes             ; User Verilog HDL File  ; C:/Users/selman.ozleyen2017/Documents/GitHub/MIPS-32-bit-processor/source_files/control_unit.v       ;         ;
; source_files/concat.v             ; yes             ; User Verilog HDL File  ; C:/Users/selman.ozleyen2017/Documents/GitHub/MIPS-32-bit-processor/source_files/concat.v             ;         ;
; source_files/alu_32.v             ; yes             ; User Verilog HDL File  ; C:/Users/selman.ozleyen2017/Documents/GitHub/MIPS-32-bit-processor/source_files/alu_32.v             ;         ;
; source_files/alu_1.v              ; yes             ; User Verilog HDL File  ; C:/Users/selman.ozleyen2017/Documents/GitHub/MIPS-32-bit-processor/source_files/alu_1.v              ;         ;
+-----------------------------------+-----------------+------------------------+------------------------------------------------------------------------------------------------------+---------+


+-----------------------------------------------------+
; Analysis & Synthesis Resource Usage Summary         ;
+---------------------------------------------+-------+
; Resource                                    ; Usage ;
+---------------------------------------------+-------+
;                                             ;       ;
; Total combinational functions               ; 0     ;
; Logic element usage by number of LUT inputs ;       ;
;     -- 4 input functions                    ; 0     ;
;     -- 3 input functions                    ; 0     ;
;     -- <=2 input functions                  ; 0     ;
;                                             ;       ;
; Logic elements by mode                      ;       ;
;     -- normal mode                          ; 0     ;
;     -- arithmetic mode                      ; 0     ;
;                                             ;       ;
; Total registers                             ; 0     ;
;     -- Dedicated logic registers            ; 0     ;
;     -- I/O registers                        ; 0     ;
;                                             ;       ;
; I/O pins                                    ; 1     ;
; Embedded Multiplier 9-bit elements          ; 0     ;
; Maximum fan-out node                        ; clk   ;
; Maximum fan-out                             ; 1     ;
; Total fan-out                               ; 1     ;
; Average fan-out                             ; 0.50  ;
+---------------------------------------------+-------+


+-----------------------------------------------------------------------------------------------------------------------------------------------------------------------------+
; Analysis & Synthesis Resource Utilization by Entity                                                                                                                         ;
+----------------------------+-------------------+--------------+-------------+--------------+---------+-----------+------+--------------+---------------------+--------------+
; Compilation Hierarchy Node ; LC Combinationals ; LC Registers ; Memory Bits ; DSP Elements ; DSP 9x9 ; DSP 18x18 ; Pins ; Virtual Pins ; Full Hierarchy Name ; Library Name ;
+----------------------------+-------------------+--------------+-------------+--------------+---------+-----------+------+--------------+---------------------+--------------+
; |mips32                    ; 0 (0)             ; 0 (0)        ; 0           ; 0            ; 0       ; 0         ; 1    ; 0            ; |mips32             ; work         ;
+----------------------------+-------------------+--------------+-------------+--------------+---------+-----------+------+--------------+---------------------+--------------+
Note: For table entries with two numbers listed, the numbers in parentheses indicate the number of resources of the given type used by the specific entity alone. The numbers listed outside of parentheses indicate the total resources of the given type used by the specific entity and all of its sub-entities in the hierarchy.


+------------------------------------------------------+
; General Register Statistics                          ;
+----------------------------------------------+-------+
; Statistic                                    ; Value ;
+----------------------------------------------+-------+
; Total registers                              ; 0     ;
; Number of registers using Synchronous Clear  ; 0     ;
; Number of registers using Synchronous Load   ; 0     ;
; Number of registers using Asynchronous Clear ; 0     ;
; Number of registers using Asynchronous Load  ; 0     ;
; Number of registers using Clock Enable       ; 0     ;
; Number of registers using Preset             ; 0     ;
+----------------------------------------------+-------+


+------------------------------------------------------+
; Port Connectivity Checks: "alu_32:alu|msb_alu_1:a31" ;
+-------+-------+----------+---------------------------+
; Port  ; Type  ; Severity ; Details                   ;
+-------+-------+----------+---------------------------+
; lessi ; Input ; Info     ; Stuck at GND              ;
+-------+-------+----------+---------------------------+


+--------------------------------------------------+
; Port Connectivity Checks: "alu_32:alu|alu_1:a30" ;
+-------+-------+----------+-----------------------+
; Port  ; Type  ; Severity ; Details               ;
+-------+-------+----------+-----------------------+
; lessi ; Input ; Info     ; Stuck at GND          ;
+-------+-------+----------+-----------------------+


+--------------------------------------------------+
; Port Connectivity Checks: "alu_32:alu|alu_1:a29" ;
+-------+-------+----------+-----------------------+
; Port  ; Type  ; Severity ; Details               ;
+-------+-------+----------+-----------------------+
; lessi ; Input ; Info     ; Stuck at GND          ;
+-------+-------+----------+-----------------------+


+--------------------------------------------------+
; Port Connectivity Checks: "alu_32:alu|alu_1:a28" ;
+-------+-------+----------+-----------------------+
; Port  ; Type  ; Severity ; Details               ;
+-------+-------+----------+-----------------------+
; lessi ; Input ; Info     ; Stuck at GND          ;
+-------+-------+----------+-----------------------+


+--------------------------------------------------+
; Port Connectivity Checks: "alu_32:alu|alu_1:a27" ;
+-------+-------+----------+-----------------------+
; Port  ; Type  ; Severity ; Details               ;
+-------+-------+----------+-----------------------+
; lessi ; Input ; Info     ; Stuck at GND          ;
+-------+-------+----------+-----------------------+


+--------------------------------------------------+
; Port Connectivity Checks: "alu_32:alu|alu_1:a26" ;
+-------+-------+----------+-----------------------+
; Port  ; Type  ; Severity ; Details               ;
+-------+-------+----------+-----------------------+
; lessi ; Input ; Info     ; Stuck at GND          ;
+-------+-------+----------+-----------------------+


+--------------------------------------------------+
; Port Connectivity Checks: "alu_32:alu|alu_1:a25" ;
+-------+-------+----------+-----------------------+
; Port  ; Type  ; Severity ; Details               ;
+-------+-------+----------+-----------------------+
; lessi ; Input ; Info     ; Stuck at GND          ;
+-------+-------+----------+-----------------------+


+--------------------------------------------------+
; Port Connectivity Checks: "alu_32:alu|alu_1:a24" ;
+-------+-------+----------+-----------------------+
; Port  ; Type  ; Severity ; Details               ;
+-------+-------+----------+-----------------------+
; lessi ; Input ; Info     ; Stuck at GND          ;
+-------+-------+----------+-----------------------+


+--------------------------------------------------+
; Port Connectivity Checks: "alu_32:alu|alu_1:a23" ;
+-------+-------+----------+-----------------------+
; Port  ; Type  ; Severity ; Details               ;
+-------+-------+----------+-----------------------+
; lessi ; Input ; Info     ; Stuck at GND          ;
+-------+-------+----------+-----------------------+


+--------------------------------------------------+
; Port Connectivity Checks: "alu_32:alu|alu_1:a22" ;
+-------+-------+----------+-----------------------+
; Port  ; Type  ; Severity ; Details               ;
+-------+-------+----------+-----------------------+
; lessi ; Input ; Info     ; Stuck at GND          ;
+-------+-------+----------+-----------------------+


+--------------------------------------------------+
; Port Connectivity Checks: "alu_32:alu|alu_1:a21" ;
+-------+-------+----------+-----------------------+
; Port  ; Type  ; Severity ; Details               ;
+-------+-------+----------+-----------------------+
; lessi ; Input ; Info     ; Stuck at GND          ;
+-------+-------+----------+-----------------------+


+--------------------------------------------------+
; Port Connectivity Checks: "alu_32:alu|alu_1:a20" ;
+-------+-------+----------+-----------------------+
; Port  ; Type  ; Severity ; Details               ;
+-------+-------+----------+-----------------------+
; lessi ; Input ; Info     ; Stuck at GND          ;
+-------+-------+----------+-----------------------+


+--------------------------------------------------+
; Port Connectivity Checks: "alu_32:alu|alu_1:a19" ;
+-------+-------+----------+-----------------------+
; Port  ; Type  ; Severity ; Details               ;
+-------+-------+----------+-----------------------+
; lessi ; Input ; Info     ; Stuck at GND          ;
+-------+-------+----------+-----------------------+


+--------------------------------------------------+
; Port Connectivity Checks: "alu_32:alu|alu_1:a18" ;
+-------+-------+----------+-----------------------+
; Port  ; Type  ; Severity ; Details               ;
+-------+-------+----------+-----------------------+
; lessi ; Input ; Info     ; Stuck at GND          ;
+-------+-------+----------+-----------------------+


+--------------------------------------------------+
; Port Connectivity Checks: "alu_32:alu|alu_1:a17" ;
+-------+-------+----------+-----------------------+
; Port  ; Type  ; Severity ; Details               ;
+-------+-------+----------+-----------------------+
; lessi ; Input ; Info     ; Stuck at GND          ;
+-------+-------+----------+-----------------------+


+--------------------------------------------------+
; Port Connectivity Checks: "alu_32:alu|alu_1:a16" ;
+-------+-------+----------+-----------------------+
; Port  ; Type  ; Severity ; Details               ;
+-------+-------+----------+-----------------------+
; lessi ; Input ; Info     ; Stuck at GND          ;
+-------+-------+----------+-----------------------+


+--------------------------------------------------+
; Port Connectivity Checks: "alu_32:alu|alu_1:a15" ;
+-------+-------+----------+-----------------------+
; Port  ; Type  ; Severity ; Details               ;
+-------+-------+----------+-----------------------+
; lessi ; Input ; Info     ; Stuck at GND          ;
+-------+-------+----------+-----------------------+


+--------------------------------------------------+
; Port Connectivity Checks: "alu_32:alu|alu_1:a14" ;
+-------+-------+----------+-----------------------+
; Port  ; Type  ; Severity ; Details               ;
+-------+-------+----------+-----------------------+
; lessi ; Input ; Info     ; Stuck at GND          ;
+-------+-------+----------+-----------------------+


+--------------------------------------------------+
; Port Connectivity Checks: "alu_32:alu|alu_1:a13" ;
+-------+-------+----------+-----------------------+
; Port  ; Type  ; Severity ; Details               ;
+-------+-------+----------+-----------------------+
; lessi ; Input ; Info     ; Stuck at GND          ;
+-------+-------+----------+-----------------------+


+--------------------------------------------------+
; Port Connectivity Checks: "alu_32:alu|alu_1:a12" ;
+-------+-------+----------+-----------------------+
; Port  ; Type  ; Severity ; Details               ;
+-------+-------+----------+-----------------------+
; lessi ; Input ; Info     ; Stuck at GND          ;
+-------+-------+----------+-----------------------+


+--------------------------------------------------+
; Port Connectivity Checks: "alu_32:alu|alu_1:a11" ;
+-------+-------+----------+-----------------------+
; Port  ; Type  ; Severity ; Details               ;
+-------+-------+----------+-----------------------+
; lessi ; Input ; Info     ; Stuck at GND          ;
+-------+-------+----------+-----------------------+


+--------------------------------------------------+
; Port Connectivity Checks: "alu_32:alu|alu_1:a10" ;
+-------+-------+----------+-----------------------+
; Port  ; Type  ; Severity ; Details               ;
+-------+-------+----------+-----------------------+
; lessi ; Input ; Info     ; Stuck at GND          ;
+-------+-------+----------+-----------------------+


+-------------------------------------------------+
; Port Connectivity Checks: "alu_32:alu|alu_1:a9" ;
+-------+-------+----------+----------------------+
; Port  ; Type  ; Severity ; Details              ;
+-------+-------+----------+----------------------+
; lessi ; Input ; Info     ; Stuck at GND         ;
+-------+-------+----------+----------------------+


+-------------------------------------------------+
; Port Connectivity Checks: "alu_32:alu|alu_1:a8" ;
+-------+-------+----------+----------------------+
; Port  ; Type  ; Severity ; Details              ;
+-------+-------+----------+----------------------+
; lessi ; Input ; Info     ; Stuck at GND         ;
+-------+-------+----------+----------------------+


+-------------------------------------------------+
; Port Connectivity Checks: "alu_32:alu|alu_1:a7" ;
+-------+-------+----------+----------------------+
; Port  ; Type  ; Severity ; Details              ;
+-------+-------+----------+----------------------+
; lessi ; Input ; Info     ; Stuck at GND         ;
+-------+-------+----------+----------------------+


+-------------------------------------------------+
; Port Connectivity Checks: "alu_32:alu|alu_1:a6" ;
+-------+-------+----------+----------------------+
; Port  ; Type  ; Severity ; Details              ;
+-------+-------+----------+----------------------+
; lessi ; Input ; Info     ; Stuck at GND         ;
+-------+-------+----------+----------------------+


+-------------------------------------------------+
; Port Connectivity Checks: "alu_32:alu|alu_1:a5" ;
+-------+-------+----------+----------------------+
; Port  ; Type  ; Severity ; Details              ;
+-------+-------+----------+----------------------+
; lessi ; Input ; Info     ; Stuck at GND         ;
+-------+-------+----------+----------------------+


+-------------------------------------------------+
; Port Connectivity Checks: "alu_32:alu|alu_1:a4" ;
+-------+-------+----------+----------------------+
; Port  ; Type  ; Severity ; Details              ;
+-------+-------+----------+----------------------+
; lessi ; Input ; Info     ; Stuck at GND         ;
+-------+-------+----------+----------------------+


+-------------------------------------------------+
; Port Connectivity Checks: "alu_32:alu|alu_1:a3" ;
+-------+-------+----------+----------------------+
; Port  ; Type  ; Severity ; Details              ;
+-------+-------+----------+----------------------+
; lessi ; Input ; Info     ; Stuck at GND         ;
+-------+-------+----------+----------------------+


+-------------------------------------------------+
; Port Connectivity Checks: "alu_32:alu|alu_1:a2" ;
+-------+-------+----------+----------------------+
; Port  ; Type  ; Severity ; Details              ;
+-------+-------+----------+----------------------+
; lessi ; Input ; Info     ; Stuck at GND         ;
+-------+-------+----------+----------------------+


+-------------------------------------------------+
; Port Connectivity Checks: "alu_32:alu|alu_1:a1" ;
+-------+-------+----------+----------------------+
; Port  ; Type  ; Severity ; Details              ;
+-------+-------+----------+----------------------+
; lessi ; Input ; Info     ; Stuck at GND         ;
+-------+-------+----------+----------------------+


+-----------------------------------------------------------------------------------------------------------------+
; Port Connectivity Checks: "alu_32:alu"                                                                          ;
+-------+--------+----------+-------------------------------------------------------------------------------------+
; Port  ; Type   ; Severity ; Details                                                                             ;
+-------+--------+----------+-------------------------------------------------------------------------------------+
; c_out ; Output ; Info     ; Connected to dangling logic. Logic that only feeds a dangling port will be removed. ;
; v     ; Output ; Info     ; Connected to dangling logic. Logic that only feeds a dangling port will be removed. ;
+-------+--------+----------+-------------------------------------------------------------------------------------+


+-------------------------------+
; Elapsed Time Per Partition    ;
+----------------+--------------+
; Partition Name ; Elapsed Time ;
+----------------+--------------+
; Top            ; 00:00:00     ;
+----------------+--------------+


+-------------------------------+
; Analysis & Synthesis Messages ;
+-------------------------------+
Info: *******************************************************************
Info: Running Quartus II 64-Bit Analysis & Synthesis
    Info: Version 13.1.0 Build 162 10/23/2013 SJ Web Edition
    Info: Processing started: Wed Feb 26 04:48:16 2020
Info: Command: quartus_map --read_settings_files=on --write_settings_files=off mips -c mips
Warning (20028): Parallel compilation is not licensed and has been disabled
Info (12021): Found 1 design units, including 1 entities, in source file source_files/xor_2.v
    Info (12023): Found entity 1: xor_2
Info (12021): Found 1 design units, including 1 entities, in source file source_files/shifter.v
    Info (12023): Found entity 1: shifter
Info (12021): Found 1 design units, including 1 entities, in source file source_files/pc.v
    Info (12023): Found entity 1: pc
Info (12021): Found 1 design units, including 1 entities, in source file source_files/mux_testbench.v
    Info (12023): Found entity 1: mux_testbench
Info (12021): Found 1 design units, including 1 entities, in source file source_files/mux_8x1.v
    Info (12023): Found entity 1: mux_8x1
Info (12021): Found 1 design units, including 1 entities, in source file source_files/mux_4x1_32.v
    Info (12023): Found entity 1: mux_4x1_32
Info (12021): Found 1 design units, including 1 entities, in source file source_files/mux_4x1.v
    Info (12023): Found entity 1: mux_4x1
Info (12021): Found 1 design units, including 1 entities, in source file source_files/mux_2x1_32.v
    Info (12023): Found entity 1: mux_2x1_32
Info (12021): Found 1 design units, including 1 entities, in source file source_files/mux_2x1_13.v
    Info (12023): Found entity 1: mux_2x1_13
Info (12021): Found 1 design units, including 1 entities, in source file source_files/mux_2x1_5bit.v
    Info (12023): Found entity 1: mux_2x1_5bit
Info (12021): Found 1 design units, including 1 entities, in source file source_files/mux_2x1.v
    Info (12023): Found entity 1: mux_2x1
Info (12021): Found 1 design units, including 1 entities, in source file source_files/msb_alu_1.v
    Info (12023): Found entity 1: msb_alu_1
Info (12021): Found 1 design units, including 1 entities, in source file source_files/mips32.v
    Info (12023): Found entity 1: mips32
Info (12021): Found 1 design units, including 1 entities, in source file source_files/mips_registers.v
    Info (12023): Found entity 1: mips_registers
Info (12021): Found 1 design units, including 1 entities, in source file source_files/mips_memory.v
    Info (12023): Found entity 1: mips_memory
Info (12021): Found 1 design units, including 1 entities, in source file source_files/instruction_memory.v
    Info (12023): Found entity 1: instruction_memory
Info (12021): Found 1 design units, including 1 entities, in source file source_files/full_adder.v
    Info (12023): Found entity 1: full_adder
Info (12021): Found 1 design units, including 1 entities, in source file source_files/extend.v
    Info (12023): Found entity 1: extend
Info (12021): Found 1 design units, including 1 entities, in source file source_files/control_unit.v
    Info (12023): Found entity 1: control_unit
Info (12021): Found 1 design units, including 1 entities, in source file source_files/concat.v
    Info (12023): Found entity 1: concat
Info (12021): Found 1 design units, including 1 entities, in source file source_files/alu_testbench.v
    Info (12023): Found entity 1: alu_testbench
Info (12021): Found 1 design units, including 1 entities, in source file source_files/alu_32_testbench.v
    Info (12023): Found entity 1: alu_32_testbench
Info (12021): Found 1 design units, including 1 entities, in source file source_files/alu_32.v
    Info (12023): Found entity 1: alu_32
Info (12021): Found 1 design units, including 1 entities, in source file source_files/alu_1.v
    Info (12023): Found entity 1: alu_1
Info (12021): Found 1 design units, including 1 entities, in source file source_files/adder_32.v
    Info (12023): Found entity 1: adder_32
Info (12021): Found 1 design units, including 1 entities, in source file source_files/adder_13.v
    Info (12023): Found entity 1: adder_13
Info (12127): Elaborating entity "mips32" for the top level hierarchy
Warning (10230): Verilog HDL assignment warning at mips32.v(6): truncated value with size 32 to match size of target (13)
Warning (10175): Verilog HDL warning at mips32.v(33): ignoring unsupported system task
Warning (10230): Verilog HDL assignment warning at mips32.v(45): truncated value with size 32 to match size of target (13)
Warning (10230): Verilog HDL assignment warning at mips32.v(48): truncated value with size 32 to match size of target (13)
Info (12128): Elaborating entity "control_unit" for hierarchy "control_unit:ctr"
Info (12128): Elaborating entity "instruction_memory" for hierarchy "instruction_memory:im"
Warning (10858): Verilog HDL warning at instruction_memory.v(2): object instructions used but never assigned
Info (12128): Elaborating entity "mux_2x1_5bit" for hierarchy "mux_2x1_5bit:mwritereg"
Info (12128): Elaborating entity "mux_2x1" for hierarchy "mux_2x1_5bit:mwritereg|mux_2x1:m0"
Info (12128): Elaborating entity "mips_registers" for hierarchy "mips_registers:mr"
Warning (10230): Verilog HDL assignment warning at mips_registers.v(18): truncated value with size 32 to match size of target (13)
Info (12128): Elaborating entity "extend" for hierarchy "extend:e1"
Info (12128): Elaborating entity "mux_2x1_32" for hierarchy "mux_2x1_32:extend_selection"
Info (12128): Elaborating entity "alu_32" for hierarchy "alu_32:alu"
Info (12128): Elaborating entity "alu_1" for hierarchy "alu_32:alu|alu_1:lsb"
Info (12128): Elaborating entity "xor_2" for hierarchy "alu_32:alu|alu_1:lsb|xor_2:x"
Info (12128): Elaborating entity "mux_8x1" for hierarchy "alu_32:alu|alu_1:lsb|mux_8x1:m1"
Info (12128): Elaborating entity "mux_4x1" for hierarchy "alu_32:alu|alu_1:lsb|mux_8x1:m1|mux_4x1:m1"
Info (12128): Elaborating entity "msb_alu_1" for hierarchy "alu_32:alu|msb_alu_1:a31"
Info (12128): Elaborating entity "shifter" for hierarchy "alu_32:alu|shifter:s1"
Info (12128): Elaborating entity "concat" for hierarchy "concat:concat_imm"
Info (12128): Elaborating entity "mips_memory" for hierarchy "mips_memory:mm"
Info (16010): Generating hard_block partition "hard_block:auto_generated_inst"
    Info (16011): Adding 0 node(s), including 0 DDIO, 0 PLL, 0 transceiver and 0 LCELL
Warning (21074): Design contains 1 input pin(s) that do not drive logic
    Warning (15610): No output dependent on input pin "clk"
Info (21057): Implemented 1 device resources after synthesis - the final resource count might be different
    Info (21058): Implemented 1 input pins
    Info (21059): Implemented 0 output pins
Info: Quartus II 64-Bit Analysis & Synthesis was successful. 0 errors, 9 warnings
    Info: Peak virtual memory: 4722 megabytes
    Info: Processing ended: Wed Feb 26 04:48:19 2020
    Info: Elapsed time: 00:00:03
    Info: Total CPU time (on all processors): 00:00:03


